[ 2015-07-15T15:16:27+08:00 ] 220.249.191.230 /YYtuangou/index.php
INFO: [ app_begin ] --START--
INFO: ReadHtmlCache Behavior ::run [ RunTime:0.000397s ]
INFO: [ app_begin ] --END-- [ RunTime:0.000477s ]
NOTIC: 建议使用I方法替代_get
NOTIC: 建议使用I方法替代_get
NOTIC: 建议使用I方法替代_get
NOTIC: 建议使用I方法替代_get
NOTIC: [8] Undefined index: uid /alidata/www/default/YYtuangou/APP/Modules/Index/Action/CommonAction.class.php 第 13 行.
SQL: SHOW COLUMNS FROM `yy_category` [ RunTime:0.000714s ]
SQL: SELECT `cname`,`cid` FROM `yy_category` WHERE ( `pid` = 0 ) AND ( `display` = 1 ) ORDER BY sort asc LIMIT 4   [ RunTime:0.023586s ]
SQL: SHOW COLUMNS FROM `yy_area` [ RunTime:0.000397s ]
SQL: SELECT `aname`,`aid` FROM `yy_area` WHERE ( `pid` = 0 ) AND ( `display` = 1 ) ORDER BY sort asc  [ RunTime:0.000971s ]
SQL: SELECT `cname`,`cid` FROM `yy_category` WHERE ( `pid` = 0 ) AND ( `display` = 1 ) ORDER BY sort asc LIMIT 7   [ RunTime:0.000187s ]
SQL: SHOW COLUMNS FROM `yy_goods` [ RunTime:0.000527s ]
SQL: SHOW COLUMNS FROM `yy_category` [ RunTime:0.000412s ]
SQL: SHOW COLUMNS FROM `yy_area` [ RunTime:0.000399s ]
SQL: SHOW COLUMNS FROM `yy_shops` [ RunTime:0.000402s ]
SQL: SELECT goods.main_title AS main_title,goods.goods_img AS goods_img,goods.price AS price,goods.old_price AS old_price,goods.buy AS buy,goods.gid AS gid FROM yy_goods goods INNER JOIN yy_category category ON goods.cid = category.cid INNER JOIN yy_area area ON goods.aid = area.aid INNER JOIN yy_shops shops ON goods.sid = shops.sid ORDER BY goods.buy desc LIMIT 5   [ RunTime:0.021513s ]
SQL: SELECT goods.cid AS cid,category.cid AS cid,category.cname AS cname FROM yy_goods goods INNER JOIN yy_category category ON goods.cid = category.cid INNER JOIN yy_area area ON goods.aid = area.aid INNER JOIN yy_shops shops ON goods.sid = shops.sid GROUP BY goods.cid ORDER BY goods.buy desc LIMIT 7   [ RunTime:0.000478s ]
SQL: SELECT COUNT(*) AS tp_count FROM yy_goods goods INNER JOIN yy_category category ON goods.cid = category.cid INNER JOIN yy_area area ON goods.aid = area.aid INNER JOIN yy_shops shops ON goods.sid = shops.sid WHERE ( goods.price > '' ) LIMIT 1   [ RunTime:0.000471s ]
SQL: SELECT goods.gid AS gid,goods.cid AS cid,goods.sid AS sid,goods.aid AS aid,goods.price AS price,goods.old_price AS old_price,goods.main_title AS main_title,goods.sub_title AS sub_title,goods.buy AS buy,goods.goods_img AS goods_img,category.cid AS cid,area.aid AS aid,shops.sid AS sid FROM yy_goods goods INNER JOIN yy_category category ON goods.cid = category.cid INNER JOIN yy_area area ON goods.aid = area.aid INNER JOIN yy_shops shops ON goods.sid = shops.sid WHERE ( goods.price > '' ) LIMIT 0,10   [ RunTime:0.000346s ]
INFO: [ view_parse ] --START--
NOTIC: [8] Use of undefined constant Index - assumed 'Index' /alidata/www/default/YYtuangou/APP/Runtime/Cache/Index/dff44c8e9ebea4949049842757e96f1a.php 第 32 行.
NOTIC: [8] Use of undefined constant Index - assumed 'Index' /alidata/www/default/YYtuangou/APP/Runtime/Cache/Index/dff44c8e9ebea4949049842757e96f1a.php 第 33 行.
NOTIC: [8] Use of undefined constant Member - assumed 'Member' /alidata/www/default/YYtuangou/APP/Runtime/Cache/Index/dff44c8e9ebea4949049842757e96f1a.php 第 90 行.
NOTIC: [8] Use of undefined constant Member - assumed 'Member' /alidata/www/default/YYtuangou/APP/Runtime/Cache/Index/dff44c8e9ebea4949049842757e96f1a.php 第 93 行.
NOTIC: [8] Use of undefined constant Member - assumed 'Member' /alidata/www/default/YYtuangou/APP/Runtime/Cache/Index/dff44c8e9ebea4949049842757e96f1a.php 第 104 行.
NOTIC: [8] Use of undefined constant Index - assumed 'Index' /alidata/www/default/YYtuangou/APP/Runtime/Cache/Index/dff44c8e9ebea4949049842757e96f1a.php 第 104 行.
NOTIC: [8] Use of undefined constant Member - assumed 'Member' /alidata/www/default/YYtuangou/APP/Runtime/Cache/Index/dff44c8e9ebea4949049842757e96f1a.php 第 104 行.
NOTIC: [8] Use of undefined constant Member - assumed 'Member' /alidata/www/default/YYtuangou/APP/Runtime/Cache/Index/dff44c8e9ebea4949049842757e96f1a.php 第 105 行.
NOTIC: [8] Use of undefined constant sonCategory - assumed 'sonCategory' /alidata/www/default/YYtuangou/APP/Runtime/Cache/Index/dff44c8e9ebea4949049842757e96f1a.php 第 133 行.
NOTIC: [8] Undefined variable: sonCategory /alidata/www/default/YYtuangou/APP/Runtime/Cache/Index/dff44c8e9ebea4949049842757e96f1a.php 第 135 行.
NOTIC: [8] Use of undefined constant sonArea - assumed 'sonArea' /alidata/www/default/YYtuangou/APP/Runtime/Cache/Index/dff44c8e9ebea4949049842757e96f1a.php 第 146 行.
NOTIC: [8] Undefined variable: sonArea /alidata/www/default/YYtuangou/APP/Runtime/Cache/Index/dff44c8e9ebea4949049842757e96f1a.php 第 147 行.
INFO: ParseTemplate Behavior ::run [ RunTime:0.023573s ]
INFO: [ view_parse ] --END-- [ RunTime:0.023629s ]
INFO: [ view_filter ] --START--
INFO: ContentReplace Behavior ::run [ RunTime:0.000265s ]
INFO: TokenBuild Behavior ::run [ RunTime:0.000263s ]
INFO: WriteHtmlCache Behavior ::run [ RunTime:0.000153s ]
INFO: ShowRuntime Behavior ::run [ RunTime:0.000289s ]
INFO: [ view_filter ] --END-- [ RunTime:0.001104s ]
INFO: [ view_end ] --START--
INFO: ShowPageTrace Behavior ::run [ RunTime:0.000435s ]
INFO: [ view_end ] --END-- [ RunTime:0.000482s ]

[ 2015-07-15T15:17:19+08:00 ] 220.249.191.230 /YYtuangou/index.php/Index/Detail/index/gid/15
INFO: [ route_check ] --START--
INFO: CheckRoute Behavior ::run [ RunTime:0.000562s ]
INFO: [ route_check ] --END-- [ RunTime:0.000656s ]
INFO: [ app_begin ] --START--
INFO: ReadHtmlCache Behavior ::run [ RunTime:0.000331s ]
INFO: [ app_begin ] --END-- [ RunTime:0.000383s ]
NOTIC: 建议使用I方法替代_get
NOTIC: [8] Undefined index: uid /alidata/www/default/YYtuangou/APP/Modules/Index/Action/CommonAction.class.php 第 13 行.
SQL: SHOW COLUMNS FROM `yy_goods` [ RunTime:0.000762s ]
SQL: SHOW COLUMNS FROM `yy_category` [ RunTime:0.000468s ]
SQL: SHOW COLUMNS FROM `yy_area` [ RunTime:0.000374s ]
SQL: SHOW COLUMNS FROM `yy_shops` [ RunTime:0.000392s ]
SQL: SHOW COLUMNS FROM `yy_goods_detail` [ RunTime:0.000346s ]
SQL: SELECT goods.gid AS gid,goods.cid AS cid,goods.aid AS aid,goods.sid AS sid,goods.main_title AS main_title,goods.sub_title AS sub_title,goods.price AS price,goods.old_price AS old_price,goods.buy AS buy,goods.goods_img AS goods_img,goods.begin_time AS begin_time,goods.end_time AS end_time,category.cid AS cid,category.cname AS cname,category.key_words AS key_words,category.title AS title,category.description AS description,category.sort AS sort,category.display AS display,category.pid AS pid,area.aid AS aid,area.aname AS aname,shops.sid AS sid,shops.shopname AS shopname,shops.shopaddress AS shopaddress,shops.metroaddress AS metroaddress,shops.shoptel AS shoptel,shops.shopcoord AS shopcoord,goods_detail.goods_id AS goods_id,goods_detail.goods_server AS goods_server,goods_detail.detail AS detail FROM yy_goods goods INNER JOIN yy_category category ON goods.cid = category.cid INNER JOIN yy_area area ON goods.aid = area.aid INNER JOIN yy_shops shops ON goods.sid = shops.sid  JOIN yy_goods_detail goods_detail ON goods.gid = goods_detail.goods_id WHERE ( goods.gid = 15 ) LIMIT 1   [ RunTime:0.000389s ]
SQL: SELECT goods.cid AS cid,category.cid AS cid FROM yy_goods goods INNER JOIN yy_category category ON goods.cid = category.cid INNER JOIN yy_area area ON goods.aid = area.aid INNER JOIN yy_shops shops ON goods.sid = shops.sid  JOIN yy_goods_detail goods_detail ON goods.gid = goods_detail.goods_id WHERE ( goods.gid = 15 ) LIMIT 1   [ RunTime:0.000224s ]
SQL: SELECT goods.gid AS gid,goods.cid AS cid,goods.aid AS aid,goods.sid AS sid,goods.main_title AS main_title,goods.sub_title AS sub_title,goods.price AS price,goods.old_price AS old_price,goods.buy AS buy,goods.goods_img AS goods_img,goods.begin_time AS begin_time,goods.end_time AS end_time,category.cid AS cid,category.cname AS cname,category.key_words AS key_words,category.title AS title,category.description AS description,category.sort AS sort,category.display AS display,category.pid AS pid,area.aid AS aid,area.aname AS aname,shops.sid AS sid,shops.shopname AS shopname,shops.shopaddress AS shopaddress,shops.metroaddress AS metroaddress,shops.shoptel AS shoptel,shops.shopcoord AS shopcoord,goods_detail.goods_id AS goods_id,goods_detail.goods_server AS goods_server,goods_detail.detail AS detail FROM yy_goods goods INNER JOIN yy_category category ON goods.cid = category.cid INNER JOIN yy_area area ON goods.aid = area.aid INNER JOIN yy_shops shops ON goods.sid = shops.sid  JOIN yy_goods_detail goods_detail ON goods.gid = goods_detail.goods_id WHERE ( goods.cid = '7' ) ORDER BY goods.buy desc LIMIT 5   [ RunTime:0.000979s ]
INFO: [ view_parse ] --START--
NOTIC: [8] Use of undefined constant Index - assumed 'Index' /alidata/www/default/YYtuangou/APP/Runtime/Cache/Index/060237d53a2c72bef4fccd3aead26c57.php 第 32 行.
NOTIC: [8] Use of undefined constant Index - assumed 'Index' /alidata/www/default/YYtuangou/APP/Runtime/Cache/Index/060237d53a2c72bef4fccd3aead26c57.php 第 33 行.
NOTIC: [8] Use of undefined constant Member - assumed 'Member' /alidata/www/default/YYtuangou/APP/Runtime/Cache/Index/060237d53a2c72bef4fccd3aead26c57.php 第 90 行.
NOTIC: [8] Use of undefined constant Member - assumed 'Member' /alidata/www/default/YYtuangou/APP/Runtime/Cache/Index/060237d53a2c72bef4fccd3aead26c57.php 第 93 行.
NOTIC: [8] Use of undefined constant Member - assumed 'Member' /alidata/www/default/YYtuangou/APP/Runtime/Cache/Index/060237d53a2c72bef4fccd3aead26c57.php 第 104 行.
NOTIC: [8] Use of undefined constant Index - assumed 'Index' /alidata/www/default/YYtuangou/APP/Runtime/Cache/Index/060237d53a2c72bef4fccd3aead26c57.php 第 104 行.
NOTIC: [8] Use of undefined constant Member - assumed 'Member' /alidata/www/default/YYtuangou/APP/Runtime/Cache/Index/060237d53a2c72bef4fccd3aead26c57.php 第 104 行.
NOTIC: [8] Use of undefined constant Member - assumed 'Member' /alidata/www/default/YYtuangou/APP/Runtime/Cache/Index/060237d53a2c72bef4fccd3aead26c57.php 第 105 行.
NOTIC: [8] Use of undefined constant Member - assumed 'Member' /alidata/www/default/YYtuangou/APP/Runtime/Cache/Index/060237d53a2c72bef4fccd3aead26c57.php 第 138 行.
NOTIC: [8] Use of undefined constant Member - assumed 'Member' /alidata/www/default/YYtuangou/APP/Runtime/Cache/Index/060237d53a2c72bef4fccd3aead26c57.php 第 139 行.
INFO: ParseTemplate Behavior ::run [ RunTime:0.028756s ]
INFO: [ view_parse ] --END-- [ RunTime:0.028808s ]
INFO: [ view_filter ] --START--
INFO: ContentReplace Behavior ::run [ RunTime:0.000282s ]
INFO: TokenBuild Behavior ::run [ RunTime:0.000254s ]
INFO: WriteHtmlCache Behavior ::run [ RunTime:0.000150s ]
INFO: ShowRuntime Behavior ::run [ RunTime:0.000290s ]
INFO: [ view_filter ] --END-- [ RunTime:0.001113s ]
INFO: [ view_end ] --START--
INFO: ShowPageTrace Behavior ::run [ RunTime:0.000430s ]
INFO: [ view_end ] --END-- [ RunTime:0.000479s ]

[ 2015-07-15T15:17:26+08:00 ] 220.249.191.230 /YYtuangou/index.php/Member/Buy/index/gid/15
INFO: [ route_check ] --START--
INFO: CheckRoute Behavior ::run [ RunTime:0.000531s ]
INFO: [ route_check ] --END-- [ RunTime:0.000613s ]
INFO: [ app_begin ] --START--
INFO: ReadHtmlCache Behavior ::run [ RunTime:0.000355s ]
INFO: [ app_begin ] --END-- [ RunTime:0.000408s ]

[ 2015-07-15T15:17:28+08:00 ] 220.249.191.230 /YYtuangou/index.php/Member/Login/index
INFO: [ route_check ] --START--
INFO: CheckRoute Behavior ::run [ RunTime:0.000566s ]
INFO: [ route_check ] --END-- [ RunTime:0.000641s ]
INFO: [ app_begin ] --START--
INFO: ReadHtmlCache Behavior ::run [ RunTime:0.000352s ]
INFO: [ app_begin ] --END-- [ RunTime:0.000407s ]
NOTIC: [8] Undefined index: uid /alidata/www/default/YYtuangou/APP/Modules/Member/Action/LoginAction.class.php 第 6 行.
SQL: SHOW COLUMNS FROM `yy_category` [ RunTime:0.000700s ]
SQL: SELECT `cname`,`cid` FROM `yy_category` WHERE ( `pid` = 0 ) AND ( `display` = 1 ) ORDER BY sort asc LIMIT 4   [ RunTime:0.000236s ]
INFO: [ view_parse ] --START--
NOTIC: [8] Use of undefined constant Index - assumed 'Index' /alidata/www/default/YYtuangou/APP/Runtime/Cache/Member/d6d4407f9b5a0ccea966a9ab0ecfb62c.php 第 32 行.
NOTIC: [8] Use of undefined constant Index - assumed 'Index' /alidata/www/default/YYtuangou/APP/Runtime/Cache/Member/d6d4407f9b5a0ccea966a9ab0ecfb62c.php 第 33 行.
NOTIC: [8] Use of undefined constant Member - assumed 'Member' /alidata/www/default/YYtuangou/APP/Runtime/Cache/Member/d6d4407f9b5a0ccea966a9ab0ecfb62c.php 第 90 行.
NOTIC: [8] Use of undefined constant Member - assumed 'Member' /alidata/www/default/YYtuangou/APP/Runtime/Cache/Member/d6d4407f9b5a0ccea966a9ab0ecfb62c.php 第 93 行.
NOTIC: [8] Use of undefined constant Member - assumed 'Member' /alidata/www/default/YYtuangou/APP/Runtime/Cache/Member/d6d4407f9b5a0ccea966a9ab0ecfb62c.php 第 104 行.
NOTIC: [8] Use of undefined constant Index - assumed 'Index' /alidata/www/default/YYtuangou/APP/Runtime/Cache/Member/d6d4407f9b5a0ccea966a9ab0ecfb62c.php 第 104 行.
NOTIC: [8] Use of undefined constant Member - assumed 'Member' /alidata/www/default/YYtuangou/APP/Runtime/Cache/Member/d6d4407f9b5a0ccea966a9ab0ecfb62c.php 第 104 行.
NOTIC: [8] Use of undefined constant Member - assumed 'Member' /alidata/www/default/YYtuangou/APP/Runtime/Cache/Member/d6d4407f9b5a0ccea966a9ab0ecfb62c.php 第 105 行.
INFO: ParseTemplate Behavior ::run [ RunTime:0.009804s ]
INFO: [ view_parse ] --END-- [ RunTime:0.009854s ]
INFO: [ view_filter ] --START--
INFO: ContentReplace Behavior ::run [ RunTime:0.000252s ]
INFO: TokenBuild Behavior ::run [ RunTime:0.000254s ]
INFO: WriteHtmlCache Behavior ::run [ RunTime:0.000146s ]
INFO: ShowRuntime Behavior ::run [ RunTime:0.000283s ]
INFO: [ view_filter ] --END-- [ RunTime:0.001073s ]
INFO: [ view_end ] --START--
INFO: ShowPageTrace Behavior ::run [ RunTime:0.000389s ]
INFO: [ view_end ] --END-- [ RunTime:0.000435s ]

[ 2015-07-15T15:17:32+08:00 ] 220.249.191.230 /YYtuangou/index.php/Index/Index/index/keywords/KTV
INFO: [ route_check ] --START--
INFO: CheckRoute Behavior ::run [ RunTime:0.000513s ]
INFO: [ route_check ] --END-- [ RunTime:0.000590s ]
INFO: [ app_begin ] --START--
INFO: ReadHtmlCache Behavior ::run [ RunTime:0.000448s ]
INFO: [ app_begin ] --END-- [ RunTime:0.000513s ]
NOTIC: 建议使用I方法替代_get
NOTIC: 建议使用I方法替代_get
NOTIC: 建议使用I方法替代_get
NOTIC: 建议使用I方法替代_get
NOTIC: [8] Undefined index: uid /alidata/www/default/YYtuangou/APP/Modules/Index/Action/CommonAction.class.php 第 13 行.
SQL: SHOW COLUMNS FROM `yy_category` [ RunTime:0.000705s ]
SQL: SHOW COLUMNS FROM `yy_area` [ RunTime:0.000410s ]
SQL: SELECT `aname`,`aid` FROM `yy_area` WHERE ( `pid` = 0 ) AND ( `display` = 1 ) ORDER BY sort asc  [ RunTime:0.000217s ]
SQL: SELECT `cname`,`cid` FROM `yy_category` WHERE ( `pid` = 0 ) AND ( `display` = 1 ) ORDER BY sort asc LIMIT 7   [ RunTime:0.000204s ]
SQL: SHOW COLUMNS FROM `yy_goods` [ RunTime:0.000530s ]
SQL: SHOW COLUMNS FROM `yy_category` [ RunTime:0.000421s ]
SQL: SHOW COLUMNS FROM `yy_area` [ RunTime:0.000414s ]
SQL: SHOW COLUMNS FROM `yy_shops` [ RunTime:0.000389s ]
SQL: SELECT goods.cid AS cid,category.cid AS cid,category.cname AS cname FROM yy_goods goods INNER JOIN yy_category category ON goods.cid = category.cid INNER JOIN yy_area area ON goods.aid = area.aid INNER JOIN yy_shops shops ON goods.sid = shops.sid GROUP BY goods.cid ORDER BY goods.buy desc LIMIT 7   [ RunTime:0.000459s ]
SQL: SELECT COUNT(*) AS tp_count FROM yy_goods goods INNER JOIN yy_category category ON goods.cid = category.cid INNER JOIN yy_area area ON goods.aid = area.aid INNER JOIN yy_shops shops ON goods.sid = shops.sid WHERE ( goods.price > '' ) LIMIT 1   [ RunTime:0.000348s ]
NOTIC: [8] Undefined variable: url /alidata/www/default/YYtuangou/APP/Class/Page.class.php 第 85 行.
NOTIC: [8] Array to string conversion /alidata/www/default/YYtuangou/APP/Class/Page.class.php 第 85 行.
SQL: SELECT goods.gid AS gid,goods.cid AS cid,goods.sid AS sid,goods.aid AS aid,goods.price AS price,goods.old_price AS old_price,goods.main_title AS main_title,goods.sub_title AS sub_title,goods.buy AS buy,goods.goods_img AS goods_img,category.cid AS cid,area.aid AS aid,shops.sid AS sid FROM yy_goods goods INNER JOIN yy_category category ON goods.cid = category.cid INNER JOIN yy_area area ON goods.aid = area.aid INNER JOIN yy_shops shops ON goods.sid = shops.sid WHERE ( goods.price > '' ) AND ( goods.sub_title LIKE '%KTV%' ) LIMIT 0,10   [ RunTime:0.018936s ]
INFO: [ view_parse ] --START--
NOTIC: [8] Use of undefined constant Index - assumed 'Index' /alidata/www/default/YYtuangou/APP/Runtime/Cache/Index/dff44c8e9ebea4949049842757e96f1a.php 第 32 行.
NOTIC: [8] Use of undefined constant Index - assumed 'Index' /alidata/www/default/YYtuangou/APP/Runtime/Cache/Index/dff44c8e9ebea4949049842757e96f1a.php 第 33 行.
NOTIC: [8] Use of undefined constant Member - assumed 'Member' /alidata/www/default/YYtuangou/APP/Runtime/Cache/Index/dff44c8e9ebea4949049842757e96f1a.php 第 90 行.
NOTIC: [8] Use of undefined constant Member - assumed 'Member' /alidata/www/default/YYtuangou/APP/Runtime/Cache/Index/dff44c8e9ebea4949049842757e96f1a.php 第 93 行.
NOTIC: [8] Use of undefined constant Member - assumed 'Member' /alidata/www/default/YYtuangou/APP/Runtime/Cache/Index/dff44c8e9ebea4949049842757e96f1a.php 第 104 行.
NOTIC: [8] Use of undefined constant Index - assumed 'Index' /alidata/www/default/YYtuangou/APP/Runtime/Cache/Index/dff44c8e9ebea4949049842757e96f1a.php 第 104 行.
NOTIC: [8] Use of undefined constant Member - assumed 'Member' /alidata/www/default/YYtuangou/APP/Runtime/Cache/Index/dff44c8e9ebea4949049842757e96f1a.php 第 104 行.
NOTIC: [8] Use of undefined constant Member - assumed 'Member' /alidata/www/default/YYtuangou/APP/Runtime/Cache/Index/dff44c8e9ebea4949049842757e96f1a.php 第 105 行.
NOTIC: [8] Use of undefined constant sonCategory - assumed 'sonCategory' /alidata/www/default/YYtuangou/APP/Runtime/Cache/Index/dff44c8e9ebea4949049842757e96f1a.php 第 133 行.
NOTIC: [8] Undefined variable: sonCategory /alidata/www/default/YYtuangou/APP/Runtime/Cache/Index/dff44c8e9ebea4949049842757e96f1a.php 第 135 行.
NOTIC: [8] Use of undefined constant sonArea - assumed 'sonArea' /alidata/www/default/YYtuangou/APP/Runtime/Cache/Index/dff44c8e9ebea4949049842757e96f1a.php 第 146 行.
NOTIC: [8] Undefined variable: sonArea /alidata/www/default/YYtuangou/APP/Runtime/Cache/Index/dff44c8e9ebea4949049842757e96f1a.php 第 147 行.
NOTIC: [8] Undefined variable: orderUrl /alidata/www/default/YYtuangou/APP/Runtime/Cache/Index/dff44c8e9ebea4949049842757e96f1a.php 第 160 行.
NOTIC: [8] Undefined variable: orderUrl /alidata/www/default/YYtuangou/APP/Runtime/Cache/Index/dff44c8e9ebea4949049842757e96f1a.php 第 161 行.
NOTIC: [8] Undefined variable: orderUrl /alidata/www/default/YYtuangou/APP/Runtime/Cache/Index/dff44c8e9ebea4949049842757e96f1a.php 第 162 行.
NOTIC: [8] Undefined variable: orderUrl /alidata/www/default/YYtuangou/APP/Runtime/Cache/Index/dff44c8e9ebea4949049842757e96f1a.php 第 163 行.
NOTIC: [8] Undefined variable: orderUrl /alidata/www/default/YYtuangou/APP/Runtime/Cache/Index/dff44c8e9ebea4949049842757e96f1a.php 第 164 行.
INFO: ParseTemplate Behavior ::run [ RunTime:0.016445s ]
INFO: [ view_parse ] --END-- [ RunTime:0.016498s ]
INFO: [ view_filter ] --START--
INFO: ContentReplace Behavior ::run [ RunTime:0.000291s ]
INFO: TokenBuild Behavior ::run [ RunTime:0.000250s ]
INFO: WriteHtmlCache Behavior ::run [ RunTime:0.000145s ]
INFO: ShowRuntime Behavior ::run [ RunTime:0.000304s ]
INFO: [ view_filter ] --END-- [ RunTime:0.001130s ]
INFO: [ view_end ] --START--
INFO: ShowPageTrace Behavior ::run [ RunTime:0.000398s ]
INFO: [ view_end ] --END-- [ RunTime:0.000449s ]

[ 2015-07-15T15:27:14+08:00 ] 220.249.191.230 /YYtuangou/index.php/Index/Index/index/keywords/KTV/page/2
INFO: [ route_check ] --START--
INFO: CheckRoute Behavior ::run [ RunTime:0.000539s ]
INFO: [ route_check ] --END-- [ RunTime:0.000620s ]
INFO: [ app_begin ] --START--
INFO: ReadHtmlCache Behavior ::run [ RunTime:0.000359s ]
INFO: [ app_begin ] --END-- [ RunTime:0.000408s ]
NOTIC: 建议使用I方法替代_get
NOTIC: 建议使用I方法替代_get
NOTIC: 建议使用I方法替代_get
NOTIC: 建议使用I方法替代_get
NOTIC: [8] Undefined index: uid /alidata/www/default/YYtuangou/APP/Modules/Index/Action/CommonAction.class.php 第 13 行.
SQL: SHOW COLUMNS FROM `yy_category` [ RunTime:0.000719s ]
SQL: SHOW COLUMNS FROM `yy_area` [ RunTime:0.000384s ]
SQL: SELECT `aname`,`aid` FROM `yy_area` WHERE ( `pid` = 0 ) AND ( `display` = 1 ) ORDER BY sort asc  [ RunTime:0.000243s ]
SQL: SELECT `cname`,`cid` FROM `yy_category` WHERE ( `pid` = 0 ) AND ( `display` = 1 ) ORDER BY sort asc LIMIT 7   [ RunTime:0.000177s ]
SQL: SHOW COLUMNS FROM `yy_goods` [ RunTime:0.000569s ]
SQL: SHOW COLUMNS FROM `yy_category` [ RunTime:0.000425s ]
SQL: SHOW COLUMNS FROM `yy_area` [ RunTime:0.000369s ]
SQL: SHOW COLUMNS FROM `yy_shops` [ RunTime:0.000472s ]
SQL: SELECT goods.main_title AS main_title,goods.goods_img AS goods_img,goods.price AS price,goods.old_price AS old_price,goods.buy AS buy,goods.gid AS gid FROM yy_goods goods INNER JOIN yy_category category ON goods.cid = category.cid INNER JOIN yy_area area ON goods.aid = area.aid INNER JOIN yy_shops shops ON goods.sid = shops.sid ORDER BY goods.buy desc LIMIT 5   [ RunTime:0.000524s ]
SQL: SELECT goods.cid AS cid,category.cid AS cid,category.cname AS cname FROM yy_goods goods INNER JOIN yy_category category ON goods.cid = category.cid INNER JOIN yy_area area ON goods.aid = area.aid INNER JOIN yy_shops shops ON goods.sid = shops.sid GROUP BY goods.cid ORDER BY goods.buy desc LIMIT 7   [ RunTime:0.000386s ]
SQL: SELECT COUNT(*) AS tp_count FROM yy_goods goods INNER JOIN yy_category category ON goods.cid = category.cid INNER JOIN yy_area area ON goods.aid = area.aid INNER JOIN yy_shops shops ON goods.sid = shops.sid WHERE ( goods.price > '' ) LIMIT 1   [ RunTime:0.000328s ]
NOTIC: [8] Undefined variable: url /alidata/www/default/YYtuangou/APP/Class/Page.class.php 第 85 行.
NOTIC: [8] Array to string conversion /alidata/www/default/YYtuangou/APP/Class/Page.class.php 第 85 行.
SQL: SELECT goods.gid AS gid,goods.cid AS cid,goods.sid AS sid,goods.aid AS aid,goods.price AS price,goods.old_price AS old_price,goods.main_title AS main_title,goods.sub_title AS sub_title,goods.buy AS buy,goods.goods_img AS goods_img,category.cid AS cid,area.aid AS aid,shops.sid AS sid FROM yy_goods goods INNER JOIN yy_category category ON goods.cid = category.cid INNER JOIN yy_area area ON goods.aid = area.aid INNER JOIN yy_shops shops ON goods.sid = shops.sid WHERE ( goods.price > '' ) AND ( goods.sub_title LIKE '%KTV%' ) LIMIT 10,10   [ RunTime:0.000368s ]
NOTIC: [2] Invalid argument supplied for foreach() /alidata/www/default/YYtuangou/APP/Modules/Index/Action/IndexAction.class.php 第 38 行.
INFO: [ view_parse ] --START--
NOTIC: [8] Use of undefined constant Index - assumed 'Index' /alidata/www/default/YYtuangou/APP/Runtime/Cache/Index/dff44c8e9ebea4949049842757e96f1a.php 第 32 行.
NOTIC: [8] Use of undefined constant Index - assumed 'Index' /alidata/www/default/YYtuangou/APP/Runtime/Cache/Index/dff44c8e9ebea4949049842757e96f1a.php 第 33 行.
NOTIC: [8] Use of undefined constant Member - assumed 'Member' /alidata/www/default/YYtuangou/APP/Runtime/Cache/Index/dff44c8e9ebea4949049842757e96f1a.php 第 90 行.
NOTIC: [8] Use of undefined constant Member - assumed 'Member' /alidata/www/default/YYtuangou/APP/Runtime/Cache/Index/dff44c8e9ebea4949049842757e96f1a.php 第 93 行.
NOTIC: [8] Use of undefined constant Member - assumed 'Member' /alidata/www/default/YYtuangou/APP/Runtime/Cache/Index/dff44c8e9ebea4949049842757e96f1a.php 第 104 行.
NOTIC: [8] Use of undefined constant Index - assumed 'Index' /alidata/www/default/YYtuangou/APP/Runtime/Cache/Index/dff44c8e9ebea4949049842757e96f1a.php 第 104 行.
NOTIC: [8] Use of undefined constant Member - assumed 'Member' /alidata/www/default/YYtuangou/APP/Runtime/Cache/Index/dff44c8e9ebea4949049842757e96f1a.php 第 104 行.
NOTIC: [8] Use of undefined constant Member - assumed 'Member' /alidata/www/default/YYtuangou/APP/Runtime/Cache/Index/dff44c8e9ebea4949049842757e96f1a.php 第 105 行.
NOTIC: [8] Use of undefined constant sonCategory - assumed 'sonCategory' /alidata/www/default/YYtuangou/APP/Runtime/Cache/Index/dff44c8e9ebea4949049842757e96f1a.php 第 133 行.
NOTIC: [8] Undefined variable: sonCategory /alidata/www/default/YYtuangou/APP/Runtime/Cache/Index/dff44c8e9ebea4949049842757e96f1a.php 第 135 行.
NOTIC: [8] Use of undefined constant sonArea - assumed 'sonArea' /alidata/www/default/YYtuangou/APP/Runtime/Cache/Index/dff44c8e9ebea4949049842757e96f1a.php 第 146 行.
NOTIC: [8] Undefined variable: sonArea /alidata/www/default/YYtuangou/APP/Runtime/Cache/Index/dff44c8e9ebea4949049842757e96f1a.php 第 147 行.
NOTIC: [8] Undefined variable: orderUrl /alidata/www/default/YYtuangou/APP/Runtime/Cache/Index/dff44c8e9ebea4949049842757e96f1a.php 第 160 行.
NOTIC: [8] Undefined variable: orderUrl /alidata/www/default/YYtuangou/APP/Runtime/Cache/Index/dff44c8e9ebea4949049842757e96f1a.php 第 161 行.
NOTIC: [8] Undefined variable: orderUrl /alidata/www/default/YYtuangou/APP/Runtime/Cache/Index/dff44c8e9ebea4949049842757e96f1a.php 第 162 行.
NOTIC: [8] Undefined variable: orderUrl /alidata/www/default/YYtuangou/APP/Runtime/Cache/Index/dff44c8e9ebea4949049842757e96f1a.php 第 163 行.
NOTIC: [8] Undefined variable: orderUrl /alidata/www/default/YYtuangou/APP/Runtime/Cache/Index/dff44c8e9ebea4949049842757e96f1a.php 第 164 行.
INFO: ParseTemplate Behavior ::run [ RunTime:0.016535s ]
INFO: [ view_parse ] --END-- [ RunTime:0.016586s ]
INFO: [ view_filter ] --START--
INFO: ContentReplace Behavior ::run [ RunTime:0.000272s ]
INFO: TokenBuild Behavior ::run [ RunTime:0.000342s ]
INFO: WriteHtmlCache Behavior ::run [ RunTime:0.000197s ]
INFO: ShowRuntime Behavior ::run [ RunTime:0.000373s ]
INFO: [ view_filter ] --END-- [ RunTime:0.001362s ]
INFO: [ view_end ] --START--
INFO: ShowPageTrace Behavior ::run [ RunTime:0.000405s ]
INFO: [ view_end ] --END-- [ RunTime:0.000453s ]

[ 2015-07-15T15:27:17+08:00 ] 220.249.191.230 /YYtuangou/index.php/Index/Index/index
INFO: [ route_check ] --START--
INFO: CheckRoute Behavior ::run [ RunTime:0.000548s ]
INFO: [ route_check ] --END-- [ RunTime:0.000625s ]
INFO: [ app_begin ] --START--
INFO: ReadHtmlCache Behavior ::run [ RunTime:0.000339s ]
INFO: [ app_begin ] --END-- [ RunTime:0.000397s ]
NOTIC: 建议使用I方法替代_get
NOTIC: 建议使用I方法替代_get
NOTIC: 建议使用I方法替代_get
NOTIC: 建议使用I方法替代_get
NOTIC: [8] Undefined index: uid /alidata/www/default/YYtuangou/APP/Modules/Index/Action/CommonAction.class.php 第 13 行.
SQL: SHOW COLUMNS FROM `yy_category` [ RunTime:0.000659s ]
SQL: SHOW COLUMNS FROM `yy_area` [ RunTime:0.000400s ]
SQL: SELECT `aname`,`aid` FROM `yy_area` WHERE ( `pid` = 0 ) AND ( `display` = 1 ) ORDER BY sort asc  [ RunTime:0.000245s ]
SQL: SELECT `cname`,`cid` FROM `yy_category` WHERE ( `pid` = 0 ) AND ( `display` = 1 ) ORDER BY sort asc LIMIT 7   [ RunTime:0.000187s ]
SQL: SHOW COLUMNS FROM `yy_goods` [ RunTime:0.000582s ]
SQL: SHOW COLUMNS FROM `yy_category` [ RunTime:0.000451s ]
SQL: SHOW COLUMNS FROM `yy_area` [ RunTime:0.000392s ]
SQL: SHOW COLUMNS FROM `yy_shops` [ RunTime:0.000429s ]
SQL: SELECT goods.cid AS cid,category.cid AS cid,category.cname AS cname FROM yy_goods goods INNER JOIN yy_category category ON goods.cid = category.cid INNER JOIN yy_area area ON goods.aid = area.aid INNER JOIN yy_shops shops ON goods.sid = shops.sid GROUP BY goods.cid ORDER BY goods.buy desc LIMIT 7   [ RunTime:0.000445s ]
SQL: SELECT COUNT(*) AS tp_count FROM yy_goods goods INNER JOIN yy_category category ON goods.cid = category.cid INNER JOIN yy_area area ON goods.aid = area.aid INNER JOIN yy_shops shops ON goods.sid = shops.sid WHERE ( goods.price > '' ) LIMIT 1   [ RunTime:0.000322s ]
NOTIC: [8] Array to string conversion /alidata/www/default/YYtuangou/APP/Class/Page.class.php 第 85 行.
NOTIC: [8] Undefined variable: url /alidata/www/default/YYtuangou/APP/Class/Page.class.php 第 85 行.
SQL: SELECT goods.gid AS gid,goods.cid AS cid,goods.sid AS sid,goods.aid AS aid,goods.price AS price,goods.old_price AS old_price,goods.main_title AS main_title,goods.sub_title AS sub_title,goods.buy AS buy,goods.goods_img AS goods_img,category.cid AS cid,area.aid AS aid,shops.sid AS sid FROM yy_goods goods INNER JOIN yy_category category ON goods.cid = category.cid INNER JOIN yy_area area ON goods.aid = area.aid INNER JOIN yy_shops shops ON goods.sid = shops.sid WHERE ( goods.price > '' ) LIMIT 0,10   [ RunTime:0.000332s ]
INFO: [ view_parse ] --START--
NOTIC: [8] Use of undefined constant Index - assumed 'Index' /alidata/www/default/YYtuangou/APP/Runtime/Cache/Index/dff44c8e9ebea4949049842757e96f1a.php 第 32 行.
NOTIC: [8] Use of undefined constant Index - assumed 'Index' /alidata/www/default/YYtuangou/APP/Runtime/Cache/Index/dff44c8e9ebea4949049842757e96f1a.php 第 33 行.
NOTIC: [8] Use of undefined constant Member - assumed 'Member' /alidata/www/default/YYtuangou/APP/Runtime/Cache/Index/dff44c8e9ebea4949049842757e96f1a.php 第 90 行.
NOTIC: [8] Use of undefined constant Member - assumed 'Member' /alidata/www/default/YYtuangou/APP/Runtime/Cache/Index/dff44c8e9ebea4949049842757e96f1a.php 第 93 行.
NOTIC: [8] Use of undefined constant Member - assumed 'Member' /alidata/www/default/YYtuangou/APP/Runtime/Cache/Index/dff44c8e9ebea4949049842757e96f1a.php 第 104 行.
NOTIC: [8] Use of undefined constant Index - assumed 'Index' /alidata/www/default/YYtuangou/APP/Runtime/Cache/Index/dff44c8e9ebea4949049842757e96f1a.php 第 104 行.
NOTIC: [8] Use of undefined constant Member - assumed 'Member' /alidata/www/default/YYtuangou/APP/Runtime/Cache/Index/dff44c8e9ebea4949049842757e96f1a.php 第 104 行.
NOTIC: [8] Use of undefined constant Member - assumed 'Member' /alidata/www/default/YYtuangou/APP/Runtime/Cache/Index/dff44c8e9ebea4949049842757e96f1a.php 第 105 行.
NOTIC: [8] Use of undefined constant sonCategory - assumed 'sonCategory' /alidata/www/default/YYtuangou/APP/Runtime/Cache/Index/dff44c8e9ebea4949049842757e96f1a.php 第 133 行.
NOTIC: [8] Undefined variable: sonCategory /alidata/www/default/YYtuangou/APP/Runtime/Cache/Index/dff44c8e9ebea4949049842757e96f1a.php 第 135 行.
NOTIC: [8] Use of undefined constant sonArea - assumed 'sonArea' /alidata/www/default/YYtuangou/APP/Runtime/Cache/Index/dff44c8e9ebea4949049842757e96f1a.php 第 146 行.
NOTIC: [8] Undefined variable: sonArea /alidata/www/default/YYtuangou/APP/Runtime/Cache/Index/dff44c8e9ebea4949049842757e96f1a.php 第 147 行.
INFO: ParseTemplate Behavior ::run [ RunTime:0.016337s ]
INFO: [ view_parse ] --END-- [ RunTime:0.016392s ]
INFO: [ view_filter ] --START--
INFO: ContentReplace Behavior ::run [ RunTime:0.000290s ]
INFO: TokenBuild Behavior ::run [ RunTime:0.000235s ]
INFO: WriteHtmlCache Behavior ::run [ RunTime:0.000155s ]
INFO: ShowRuntime Behavior ::run [ RunTime:0.000288s ]
INFO: [ view_filter ] --END-- [ RunTime:0.001106s ]
INFO: [ view_end ] --START--
INFO: ShowPageTrace Behavior ::run [ RunTime:0.000430s ]
INFO: [ view_end ] --END-- [ RunTime:0.000486s ]

[ 2015-07-15T15:27:22+08:00 ] 220.249.191.230 /YYtuangou/index.php/Index/Index/index
INFO: [ route_check ] --START--
INFO: CheckRoute Behavior ::run [ RunTime:0.000619s ]
INFO: [ route_check ] --END-- [ RunTime:0.000696s ]
INFO: [ app_begin ] --START--
INFO: ReadHtmlCache Behavior ::run [ RunTime:0.000370s ]
INFO: [ app_begin ] --END-- [ RunTime:0.000421s ]
NOTIC: 建议使用I方法替代_get
NOTIC: 建议使用I方法替代_get
NOTIC: 建议使用I方法替代_get
NOTIC: 建议使用I方法替代_get
NOTIC: [8] Undefined index: uid /alidata/www/default/YYtuangou/APP/Modules/Index/Action/CommonAction.class.php 第 13 行.
SQL: SHOW COLUMNS FROM `yy_category` [ RunTime:0.000669s ]
SQL: SHOW COLUMNS FROM `yy_area` [ RunTime:0.000401s ]
SQL: SELECT `aname`,`aid` FROM `yy_area` WHERE ( `pid` = 0 ) AND ( `display` = 1 ) ORDER BY sort asc  [ RunTime:0.000211s ]
SQL: SELECT `cname`,`cid` FROM `yy_category` WHERE ( `pid` = 0 ) AND ( `display` = 1 ) ORDER BY sort asc LIMIT 7   [ RunTime:0.000176s ]
SQL: SHOW COLUMNS FROM `yy_goods` [ RunTime:0.000506s ]
SQL: SHOW COLUMNS FROM `yy_category` [ RunTime:0.000441s ]
SQL: SHOW COLUMNS FROM `yy_area` [ RunTime:0.000370s ]
SQL: SHOW COLUMNS FROM `yy_shops` [ RunTime:0.000410s ]
SQL: SELECT goods.cid AS cid,category.cid AS cid,category.cname AS cname FROM yy_goods goods INNER JOIN yy_category category ON goods.cid = category.cid INNER JOIN yy_area area ON goods.aid = area.aid INNER JOIN yy_shops shops ON goods.sid = shops.sid GROUP BY goods.cid ORDER BY goods.buy desc LIMIT 7   [ RunTime:0.000467s ]
SQL: SELECT COUNT(*) AS tp_count FROM yy_goods goods INNER JOIN yy_category category ON goods.cid = category.cid INNER JOIN yy_area area ON goods.aid = area.aid INNER JOIN yy_shops shops ON goods.sid = shops.sid WHERE ( goods.price > '' ) LIMIT 1   [ RunTime:0.000313s ]
NOTIC: [8] Array to string conversion /alidata/www/default/YYtuangou/APP/Class/Page.class.php 第 85 行.
NOTIC: [8] Undefined variable: url /alidata/www/default/YYtuangou/APP/Class/Page.class.php 第 85 行.
SQL: SELECT goods.gid AS gid,goods.cid AS cid,goods.sid AS sid,goods.aid AS aid,goods.price AS price,goods.old_price AS old_price,goods.main_title AS main_title,goods.sub_title AS sub_title,goods.buy AS buy,goods.goods_img AS goods_img,category.cid AS cid,area.aid AS aid,shops.sid AS sid FROM yy_goods goods INNER JOIN yy_category category ON goods.cid = category.cid INNER JOIN yy_area area ON goods.aid = area.aid INNER JOIN yy_shops shops ON goods.sid = shops.sid WHERE ( goods.price > '' ) LIMIT 0,10   [ RunTime:0.000340s ]
INFO: [ view_parse ] --START--
NOTIC: [8] Use of undefined constant Index - assumed 'Index' /alidata/www/default/YYtuangou/APP/Runtime/Cache/Index/dff44c8e9ebea4949049842757e96f1a.php 第 32 行.
NOTIC: [8] Use of undefined constant Index - assumed 'Index' /alidata/www/default/YYtuangou/APP/Runtime/Cache/Index/dff44c8e9ebea4949049842757e96f1a.php 第 33 行.
NOTIC: [8] Use of undefined constant Member - assumed 'Member' /alidata/www/default/YYtuangou/APP/Runtime/Cache/Index/dff44c8e9ebea4949049842757e96f1a.php 第 90 行.
NOTIC: [8] Use of undefined constant Member - assumed 'Member' /alidata/www/default/YYtuangou/APP/Runtime/Cache/Index/dff44c8e9ebea4949049842757e96f1a.php 第 93 行.
NOTIC: [8] Use of undefined constant Member - assumed 'Member' /alidata/www/default/YYtuangou/APP/Runtime/Cache/Index/dff44c8e9ebea4949049842757e96f1a.php 第 104 行.
NOTIC: [8] Use of undefined constant Index - assumed 'Index' /alidata/www/default/YYtuangou/APP/Runtime/Cache/Index/dff44c8e9ebea4949049842757e96f1a.php 第 104 行.
NOTIC: [8] Use of undefined constant Member - assumed 'Member' /alidata/www/default/YYtuangou/APP/Runtime/Cache/Index/dff44c8e9ebea4949049842757e96f1a.php 第 104 行.
NOTIC: [8] Use of undefined constant Member - assumed 'Member' /alidata/www/default/YYtuangou/APP/Runtime/Cache/Index/dff44c8e9ebea4949049842757e96f1a.php 第 105 行.
NOTIC: [8] Use of undefined constant sonCategory - assumed 'sonCategory' /alidata/www/default/YYtuangou/APP/Runtime/Cache/Index/dff44c8e9ebea4949049842757e96f1a.php 第 133 行.
NOTIC: [8] Undefined variable: sonCategory /alidata/www/default/YYtuangou/APP/Runtime/Cache/Index/dff44c8e9ebea4949049842757e96f1a.php 第 135 行.
NOTIC: [8] Use of undefined constant sonArea - assumed 'sonArea' /alidata/www/default/YYtuangou/APP/Runtime/Cache/Index/dff44c8e9ebea4949049842757e96f1a.php 第 146 行.
NOTIC: [8] Undefined variable: sonArea /alidata/www/default/YYtuangou/APP/Runtime/Cache/Index/dff44c8e9ebea4949049842757e96f1a.php 第 147 行.
INFO: ParseTemplate Behavior ::run [ RunTime:0.016295s ]
INFO: [ view_parse ] --END-- [ RunTime:0.016353s ]
INFO: [ view_filter ] --START--
INFO: ContentReplace Behavior ::run [ RunTime:0.000303s ]
INFO: TokenBuild Behavior ::run [ RunTime:0.000251s ]
INFO: WriteHtmlCache Behavior ::run [ RunTime:0.000143s ]
INFO: ShowRuntime Behavior ::run [ RunTime:0.000287s ]
INFO: [ view_filter ] --END-- [ RunTime:0.001120s ]
INFO: [ view_end ] --START--
INFO: ShowPageTrace Behavior ::run [ RunTime:0.000403s ]
INFO: [ view_end ] --END-- [ RunTime:0.000456s ]

[ 2015-07-15T15:27:36+08:00 ] 220.249.191.230 /YYtuangou/index.php/Member/Cart/index
INFO: [ route_check ] --START--
INFO: CheckRoute Behavior ::run [ RunTime:0.000556s ]
INFO: [ route_check ] --END-- [ RunTime:0.000639s ]
INFO: [ app_begin ] --START--
INFO: ReadHtmlCache Behavior ::run [ RunTime:0.000372s ]
INFO: [ app_begin ] --END-- [ RunTime:0.000420s ]
SQL: SHOW COLUMNS FROM `yy_category` [ RunTime:0.000678s ]
SQL: SELECT `cname`,`cid` FROM `yy_category` WHERE ( `pid` = 0 ) AND ( `display` = 1 ) ORDER BY sort asc LIMIT 4   [ RunTime:0.000251s ]
NOTIC: [2048] Declaration of UserModel::check() should be compatible with Model::check($value, $rule, $type = 'regex') /alidata/www/default/YYtuangou/APP/Modules/Member/Model/UserModel.class.php 第 63 行.
SQL: SHOW COLUMNS FROM `yy_user` [ RunTime:0.000415s ]
SQL: SELECT * FROM `yy_address`  [ RunTime:0.000158s ]

[ 2015-07-15T15:27:36+08:00 ] 220.249.191.230 /YYtuangou/index.php/Member/Index/getRecentView
INFO: [ route_check ] --START--
INFO: CheckRoute Behavior ::run [ RunTime:0.000527s ]
INFO: [ route_check ] --END-- [ RunTime:0.000602s ]
INFO: [ app_begin ] --START--
INFO: ReadHtmlCache Behavior ::run [ RunTime:0.000354s ]
INFO: [ app_begin ] --END-- [ RunTime:0.000402s ]
NOTIC: [8] Undefined index: uid /alidata/www/default/YYtuangou/APP/Modules/Member/Action/IndexAction.class.php 第 6 行.
SQL: SHOW COLUMNS FROM `yy_category` [ RunTime:0.000757s ]
SQL: SELECT `cname`,`cid` FROM `yy_category` WHERE ( `pid` = 0 ) AND ( `display` = 1 ) ORDER BY sort asc LIMIT 4   [ RunTime:0.000253s ]
SQL: SHOW COLUMNS FROM `yy_goods` [ RunTime:0.000507s ]
SQL: SELECT `main_title`,`price`,`gid`,`old_price`,`goods_img`,`end_time` FROM `yy_goods` WHERE ( `gid` IN (15) )  [ RunTime:0.000170s ]

[ 2015-07-15T15:37:37+08:00 ] 220.249.191.230 /YYtuangou/index.php
INFO: [ app_begin ] --START--
INFO: ReadHtmlCache Behavior ::run [ RunTime:0.000381s ]
INFO: [ app_begin ] --END-- [ RunTime:0.000485s ]
NOTIC: 建议使用I方法替代_get
NOTIC: 建议使用I方法替代_get
NOTIC: 建议使用I方法替代_get
NOTIC: 建议使用I方法替代_get
NOTIC: [8] Undefined index: uid /alidata/www/default/YYtuangou/APP/Modules/Index/Action/CommonAction.class.php 第 13 行.
SQL: SHOW COLUMNS FROM `yy_category` [ RunTime:0.000663s ]
SQL: SHOW COLUMNS FROM `yy_area` [ RunTime:0.000388s ]
SQL: SELECT `aname`,`aid` FROM `yy_area` WHERE ( `pid` = 0 ) AND ( `display` = 1 ) ORDER BY sort asc  [ RunTime:0.000212s ]
SQL: SELECT `cname`,`cid` FROM `yy_category` WHERE ( `pid` = 0 ) AND ( `display` = 1 ) ORDER BY sort asc LIMIT 7   [ RunTime:0.000177s ]
SQL: SHOW COLUMNS FROM `yy_goods` [ RunTime:0.000503s ]
SQL: SHOW COLUMNS FROM `yy_category` [ RunTime:0.000445s ]
SQL: SHOW COLUMNS FROM `yy_area` [ RunTime:0.000372s ]
SQL: SHOW COLUMNS FROM `yy_shops` [ RunTime:0.000386s ]
SQL: SELECT goods.main_title AS main_title,goods.goods_img AS goods_img,goods.price AS price,goods.old_price AS old_price,goods.buy AS buy,goods.gid AS gid FROM yy_goods goods INNER JOIN yy_category category ON goods.cid = category.cid INNER JOIN yy_area area ON goods.aid = area.aid INNER JOIN yy_shops shops ON goods.sid = shops.sid ORDER BY goods.buy desc LIMIT 5   [ RunTime:0.000541s ]
SQL: SELECT goods.cid AS cid,category.cid AS cid,category.cname AS cname FROM yy_goods goods INNER JOIN yy_category category ON goods.cid = category.cid INNER JOIN yy_area area ON goods.aid = area.aid INNER JOIN yy_shops shops ON goods.sid = shops.sid GROUP BY goods.cid ORDER BY goods.buy desc LIMIT 7   [ RunTime:0.000392s ]
SQL: SELECT COUNT(*) AS tp_count FROM yy_goods goods INNER JOIN yy_category category ON goods.cid = category.cid INNER JOIN yy_area area ON goods.aid = area.aid INNER JOIN yy_shops shops ON goods.sid = shops.sid WHERE ( goods.price > '' ) LIMIT 1   [ RunTime:0.000310s ]
SQL: SELECT goods.gid AS gid,goods.cid AS cid,goods.sid AS sid,goods.aid AS aid,goods.price AS price,goods.old_price AS old_price,goods.main_title AS main_title,goods.sub_title AS sub_title,goods.buy AS buy,goods.goods_img AS goods_img,category.cid AS cid,area.aid AS aid,shops.sid AS sid FROM yy_goods goods INNER JOIN yy_category category ON goods.cid = category.cid INNER JOIN yy_area area ON goods.aid = area.aid INNER JOIN yy_shops shops ON goods.sid = shops.sid WHERE ( goods.price > '' ) LIMIT 0,10   [ RunTime:0.000312s ]
INFO: [ view_parse ] --START--
NOTIC: [8] Use of undefined constant Index - assumed 'Index' /alidata/www/default/YYtuangou/APP/Runtime/Cache/Index/dff44c8e9ebea4949049842757e96f1a.php 第 32 行.
NOTIC: [8] Use of undefined constant Index - assumed 'Index' /alidata/www/default/YYtuangou/APP/Runtime/Cache/Index/dff44c8e9ebea4949049842757e96f1a.php 第 33 行.
NOTIC: [8] Use of undefined constant Member - assumed 'Member' /alidata/www/default/YYtuangou/APP/Runtime/Cache/Index/dff44c8e9ebea4949049842757e96f1a.php 第 90 行.
NOTIC: [8] Use of undefined constant Member - assumed 'Member' /alidata/www/default/YYtuangou/APP/Runtime/Cache/Index/dff44c8e9ebea4949049842757e96f1a.php 第 93 行.
NOTIC: [8] Use of undefined constant Member - assumed 'Member' /alidata/www/default/YYtuangou/APP/Runtime/Cache/Index/dff44c8e9ebea4949049842757e96f1a.php 第 104 行.
NOTIC: [8] Use of undefined constant Index - assumed 'Index' /alidata/www/default/YYtuangou/APP/Runtime/Cache/Index/dff44c8e9ebea4949049842757e96f1a.php 第 104 行.
NOTIC: [8] Use of undefined constant Member - assumed 'Member' /alidata/www/default/YYtuangou/APP/Runtime/Cache/Index/dff44c8e9ebea4949049842757e96f1a.php 第 104 行.
NOTIC: [8] Use of undefined constant Member - assumed 'Member' /alidata/www/default/YYtuangou/APP/Runtime/Cache/Index/dff44c8e9ebea4949049842757e96f1a.php 第 105 行.
NOTIC: [8] Use of undefined constant sonCategory - assumed 'sonCategory' /alidata/www/default/YYtuangou/APP/Runtime/Cache/Index/dff44c8e9ebea4949049842757e96f1a.php 第 133 行.
NOTIC: [8] Undefined variable: sonCategory /alidata/www/default/YYtuangou/APP/Runtime/Cache/Index/dff44c8e9ebea4949049842757e96f1a.php 第 135 行.
NOTIC: [8] Use of undefined constant sonArea - assumed 'sonArea' /alidata/www/default/YYtuangou/APP/Runtime/Cache/Index/dff44c8e9ebea4949049842757e96f1a.php 第 146 行.
NOTIC: [8] Undefined variable: sonArea /alidata/www/default/YYtuangou/APP/Runtime/Cache/Index/dff44c8e9ebea4949049842757e96f1a.php 第 147 行.
INFO: ParseTemplate Behavior ::run [ RunTime:0.016308s ]
INFO: [ view_parse ] --END-- [ RunTime:0.016364s ]
INFO: [ view_filter ] --START--
INFO: ContentReplace Behavior ::run [ RunTime:0.000268s ]
INFO: TokenBuild Behavior ::run [ RunTime:0.000255s ]
INFO: WriteHtmlCache Behavior ::run [ RunTime:0.000146s ]
INFO: ShowRuntime Behavior ::run [ RunTime:0.000282s ]
INFO: [ view_filter ] --END-- [ RunTime:0.001085s ]
INFO: [ view_end ] --START--
INFO: ShowPageTrace Behavior ::run [ RunTime:0.000427s ]
INFO: [ view_end ] --END-- [ RunTime:0.000473s ]

[ 2015-07-15T15:37:42+08:00 ] 220.249.191.230 /YYtuangou/index.php/Member/Cart/index
INFO: [ route_check ] --START--
INFO: CheckRoute Behavior ::run [ RunTime:0.000517s ]
INFO: [ route_check ] --END-- [ RunTime:0.000604s ]
INFO: [ app_begin ] --START--
INFO: ReadHtmlCache Behavior ::run [ RunTime:0.000331s ]
INFO: [ app_begin ] --END-- [ RunTime:0.000380s ]
SQL: SHOW COLUMNS FROM `yy_category` [ RunTime:0.008674s ]
SQL: SELECT `cname`,`cid` FROM `yy_category` WHERE ( `pid` = 0 ) AND ( `display` = 1 ) ORDER BY sort asc LIMIT 4   [ RunTime:0.000228s ]
NOTIC: [2048] Declaration of UserModel::check() should be compatible with Model::check($value, $rule, $type = 'regex') /alidata/www/default/YYtuangou/APP/Modules/Member/Model/UserModel.class.php 第 63 行.
SQL: SHOW COLUMNS FROM `yy_user` [ RunTime:0.000373s ]
SQL: SELECT * FROM `yy_address`  [ RunTime:0.000178s ]

