[ 2015-11-08T17:38:34+08:00 ] 222.79.18.240 /YYtuangou/index.php
INFO: [ app_begin ] --START--
INFO: ReadHtmlCache Behavior ::run [ RunTime:0.006935s ]
INFO: [ app_begin ] --END-- [ RunTime:0.007057s ]
NOTIC: 建议使用I方法替代_get
NOTIC: 建议使用I方法替代_get
NOTIC: 建议使用I方法替代_get
NOTIC: 建议使用I方法替代_get
NOTIC: [8] Undefined index: uid /alidata/www/default/YYtuangou/APP/Modules/Index/Action/CommonAction.class.php 第 13 行.
SQL: SHOW COLUMNS FROM `yy_category` [ RunTime:0.044363s ]
SQL: SELECT `cname`,`cid` FROM `yy_category` WHERE ( `pid` = 0 ) AND ( `display` = 1 ) ORDER BY sort asc LIMIT 4   [ RunTime:0.003434s ]
SQL: SHOW COLUMNS FROM `yy_area` [ RunTime:0.000761s ]
SQL: SELECT `aname`,`aid` FROM `yy_area` WHERE ( `pid` = 0 ) AND ( `display` = 1 ) ORDER BY sort asc  [ RunTime:0.001455s ]
SQL: SELECT `cname`,`cid` FROM `yy_category` WHERE ( `pid` = 0 ) AND ( `display` = 1 ) ORDER BY sort asc LIMIT 7   [ RunTime:0.000287s ]
SQL: SHOW COLUMNS FROM `yy_goods` [ RunTime:0.000613s ]
SQL: SHOW COLUMNS FROM `yy_category` [ RunTime:0.000466s ]
SQL: SHOW COLUMNS FROM `yy_area` [ RunTime:0.000384s ]
SQL: SHOW COLUMNS FROM `yy_shops` [ RunTime:0.000400s ]
SQL: SELECT goods.main_title AS main_title,goods.goods_img AS goods_img,goods.price AS price,goods.old_price AS old_price,goods.buy AS buy,goods.gid AS gid FROM yy_goods goods INNER JOIN yy_category category ON goods.cid = category.cid INNER JOIN yy_area area ON goods.aid = area.aid INNER JOIN yy_shops shops ON goods.sid = shops.sid ORDER BY goods.buy desc LIMIT 5   [ RunTime:0.024675s ]
SQL: SELECT goods.cid AS cid,category.cid AS cid,category.cname AS cname FROM yy_goods goods INNER JOIN yy_category category ON goods.cid = category.cid INNER JOIN yy_area area ON goods.aid = area.aid INNER JOIN yy_shops shops ON goods.sid = shops.sid GROUP BY goods.cid ORDER BY goods.buy desc LIMIT 7   [ RunTime:0.000562s ]
SQL: SELECT COUNT(*) AS tp_count FROM yy_goods goods INNER JOIN yy_category category ON goods.cid = category.cid INNER JOIN yy_area area ON goods.aid = area.aid INNER JOIN yy_shops shops ON goods.sid = shops.sid WHERE ( goods.price > '' ) LIMIT 1   [ RunTime:0.006057s ]
SQL: SELECT goods.gid AS gid,goods.cid AS cid,goods.sid AS sid,goods.aid AS aid,goods.price AS price,goods.old_price AS old_price,goods.main_title AS main_title,goods.sub_title AS sub_title,goods.buy AS buy,goods.goods_img AS goods_img,category.cid AS cid,area.aid AS aid,shops.sid AS sid FROM yy_goods goods INNER JOIN yy_category category ON goods.cid = category.cid INNER JOIN yy_area area ON goods.aid = area.aid INNER JOIN yy_shops shops ON goods.sid = shops.sid WHERE ( goods.price > '' ) LIMIT 0,10   [ RunTime:0.000548s ]
INFO: [ view_parse ] --START--
NOTIC: [8] Use of undefined constant Index - assumed 'Index' /alidata/www/default/YYtuangou/APP/Runtime/Cache/Index/dff44c8e9ebea4949049842757e96f1a.php 第 32 行.
NOTIC: [8] Use of undefined constant Index - assumed 'Index' /alidata/www/default/YYtuangou/APP/Runtime/Cache/Index/dff44c8e9ebea4949049842757e96f1a.php 第 33 行.
NOTIC: [8] Use of undefined constant Member - assumed 'Member' /alidata/www/default/YYtuangou/APP/Runtime/Cache/Index/dff44c8e9ebea4949049842757e96f1a.php 第 90 行.
NOTIC: [8] Use of undefined constant Member - assumed 'Member' /alidata/www/default/YYtuangou/APP/Runtime/Cache/Index/dff44c8e9ebea4949049842757e96f1a.php 第 93 行.
NOTIC: [8] Use of undefined constant Member - assumed 'Member' /alidata/www/default/YYtuangou/APP/Runtime/Cache/Index/dff44c8e9ebea4949049842757e96f1a.php 第 104 行.
NOTIC: [8] Use of undefined constant Index - assumed 'Index' /alidata/www/default/YYtuangou/APP/Runtime/Cache/Index/dff44c8e9ebea4949049842757e96f1a.php 第 104 行.
NOTIC: [8] Use of undefined constant Member - assumed 'Member' /alidata/www/default/YYtuangou/APP/Runtime/Cache/Index/dff44c8e9ebea4949049842757e96f1a.php 第 104 行.
NOTIC: [8] Use of undefined constant Member - assumed 'Member' /alidata/www/default/YYtuangou/APP/Runtime/Cache/Index/dff44c8e9ebea4949049842757e96f1a.php 第 105 行.
NOTIC: [8] Use of undefined constant sonCategory - assumed 'sonCategory' /alidata/www/default/YYtuangou/APP/Runtime/Cache/Index/dff44c8e9ebea4949049842757e96f1a.php 第 133 行.
NOTIC: [8] Undefined variable: sonCategory /alidata/www/default/YYtuangou/APP/Runtime/Cache/Index/dff44c8e9ebea4949049842757e96f1a.php 第 135 行.
NOTIC: [8] Use of undefined constant sonArea - assumed 'sonArea' /alidata/www/default/YYtuangou/APP/Runtime/Cache/Index/dff44c8e9ebea4949049842757e96f1a.php 第 146 行.
NOTIC: [8] Undefined variable: sonArea /alidata/www/default/YYtuangou/APP/Runtime/Cache/Index/dff44c8e9ebea4949049842757e96f1a.php 第 147 行.
INFO: ParseTemplate Behavior ::run [ RunTime:0.154897s ]
INFO: [ view_parse ] --END-- [ RunTime:0.154983s ]
INFO: [ view_filter ] --START--
INFO: ContentReplace Behavior ::run [ RunTime:0.001223s ]
INFO: TokenBuild Behavior ::run [ RunTime:0.001016s ]
INFO: WriteHtmlCache Behavior ::run [ RunTime:0.000976s ]
INFO: ShowRuntime Behavior ::run [ RunTime:0.001439s ]
INFO: [ view_filter ] --END-- [ RunTime:0.004807s ]
INFO: [ view_end ] --START--
INFO: ShowPageTrace Behavior ::run [ RunTime:0.001916s ]
INFO: [ view_end ] --END-- [ RunTime:0.001978s ]

